<?xml version="1.0" encoding="UTF-8"?>
<!-- Generated by org.testng.reporters.JUnitXMLReporter -->
<testsuite ignored="0" hostname="Harish" failures="1" tests="7" name="Test" time="59.122" errors="0" timestamp="2024-01-23T21:08:14 IST">
  <testcase classname="testCases.TC_001_AccountRegistrationTest" name="verify_account_registration" time="7.419"/>
  <testcase classname="testCases.TC_002_LoginTest" name="verify_login" time="1.18"/>
  <testcase classname="testCases.TC_003_LoginDDT" name="verify_loginDDT" time="1.125">
    <failure type="java.lang.AssertionError" message="An exception occurred: element click intercepted: Element is not clickable at point (1061, -179)
  (Session info: chrome=120.0.6099.225)
Build info: version: &amp;apos;4.16.1&amp;apos;, revision: &amp;apos;9b4c83354e&amp;apos;
System info: os.name: &amp;apos;Windows 11&amp;apos;, os.arch: &amp;apos;amd64&amp;apos;, os.version: &amp;apos;10.0&amp;apos;, java.version: &amp;apos;21.0.1&amp;apos;
Driver info: org.openqa.selenium.chrome.ChromeDriver
Command: [339a595cedfef98724f176d92d3d22de, clickElement {id=582A1A30AE27033198327CBEC0CB17F0_element_62}]
Capabilities {acceptInsecureCerts: false, browserName: chrome, browserVersion: 120.0.6099.225, chrome: {chromedriverVersion: 120.0.6099.109 (3419140ab66..., userDataDir: C:\Users\Haris\AppData\Loca...}, fedcm:accounts: true, goog:chromeOptions: {debuggerAddress: localhost:58050}, networkConnectionEnabled: false, pageLoadStrategy: normal, platformName: windows, proxy: Proxy(), se:cdp: ws://localhost:58050/devtoo..., se:cdpVersion: 120.0.6099.225, setWindowRect: true, strictFileInteractability: false, timeouts: {implicit: 0, pageLoad: 300000, script: 30000}, unhandledPromptBehavior: dismiss and notify, webauthn:extension:credBlob: true, webauthn:extension:largeBlob: true, webauthn:extension:minPinLength: true, webauthn:extension:prf: true, webauthn:virtualAuthenticators: true}
Element: [[ChromeDriver: chrome on windows (339a595cedfef98724f176d92d3d22de)] -&amp;gt; xpath: //span[normalize-space()=&amp;apos;My Account&amp;apos;]]
Session ID: 339a595cedfef98724f176d92d3d22de">
      <![CDATA[java.lang.AssertionError: An exception occurred: element click intercepted: Element is not clickable at point (1061, -179)
  (Session info: chrome=120.0.6099.225)
Build info: version: '4.16.1', revision: '9b4c83354e'
System info: os.name: 'Windows 11', os.arch: 'amd64', os.version: '10.0', java.version: '21.0.1'
Driver info: org.openqa.selenium.chrome.ChromeDriver
Command: [339a595cedfef98724f176d92d3d22de, clickElement {id=582A1A30AE27033198327CBEC0CB17F0_element_62}]
Capabilities {acceptInsecureCerts: false, browserName: chrome, browserVersion: 120.0.6099.225, chrome: {chromedriverVersion: 120.0.6099.109 (3419140ab66..., userDataDir: C:\Users\Haris\AppData\Loca...}, fedcm:accounts: true, goog:chromeOptions: {debuggerAddress: localhost:58050}, networkConnectionEnabled: false, pageLoadStrategy: normal, platformName: windows, proxy: Proxy(), se:cdp: ws://localhost:58050/devtoo..., se:cdpVersion: 120.0.6099.225, setWindowRect: true, strictFileInteractability: false, timeouts: {implicit: 0, pageLoad: 300000, script: 30000}, unhandledPromptBehavior: dismiss and notify, webauthn:extension:credBlob: true, webauthn:extension:largeBlob: true, webauthn:extension:minPinLength: true, webauthn:extension:prf: true, webauthn:virtualAuthenticators: true}
Element: [[ChromeDriver: chrome on windows (339a595cedfef98724f176d92d3d22de)] -> xpath: //span[normalize-space()='My Account']]
Session ID: 339a595cedfef98724f176d92d3d22de
at testCases.TC_003_LoginDDT.verify_loginDDT(TC_003_LoginDDT.java:72)
at java.base/java.util.ArrayList.forEach(ArrayList.java:1596)
... Removed 26 stack frames]]>
    </failure>
  </testcase> <!-- verify_loginDDT -->
  <testcase classname="testCases.TC_003_LoginDDT" name="verify_loginDDT" time="10.726"/>
  <testcase classname="testCases.TC_003_LoginDDT" name="verify_loginDDT" time="10.646"/>
  <testcase classname="testCases.TC_003_LoginDDT" name="verify_loginDDT" time="10.718"/>
  <testcase classname="testCases.TC_003_LoginDDT" name="verify_loginDDT" time="1.349"/>
</testsuite> <!-- Test -->
